<?xml version="1.0" encoding="UTF-8"?>
<testsuite xmlns:xsi="http://www.w3.org/2001/XMLSchema-instance" xsi:noNamespaceSchemaLocation="https://maven.apache.org/surefire/maven-surefire-plugin/xsd/surefire-test-report-3.0.xsd" version="3.0" name="com.librarysystem.library_management_system.Library_Management_Test" time="0.229" tests="1" errors="1" skipped="0" failures="0">
  <properties>
[...]
</properties>
  <testcase name="testValidateLogin_EmptyPassword" classname="com.librarysystem.library_management_system.Library_Management_Test" time="0.205">
    <error message="Not supported yet." type="java.lang.UnsupportedOperationException"><![CDATA[java.lang.UnsupportedOperationException: Not supported yet.
	at com.librarysystem.library_management_system.Library_Management_Test.ValidateLogin(Library_Management_Test.java:57)
	at com.librarysystem.library_management_system.Library_Management_Test.testValidateLogin_EmptyPassword(Library_Management_Test.java:52)
	at java.base/java.lang.reflect.Method.invoke(Method.java:578)
	at java.base/java.util.ArrayList.forEach(ArrayList.java:1511)
	at java.base/java.util.ArrayList.forEach(ArrayList.java:1511)
]]></error>
  </testcase>
</testsuite>